###############################################################################
#
# IAR C/C++ Compiler V7.10.1.973/W32 for MSP430           15/Sep/2017  14:56:09
# Copyright 1996-2017 IAR Systems AB.
# Standalone license - IAR Embedded Workbench for Texas Instruments MSP430, 8K KickStart Edition 7.10
#
#    __rt_version  =  3
#    __double_size =  32
#    __reg_r4      =  free
#    __reg_r5      =  free
#    __pic         =  no
#    __core        =  430X
#    __data_model  =  small
#    __code_model  =  large
#    Source file   =  
#        \\ncsu1.uncanet.unca.edu\home\jchesebr\Desktop\Homework 03\timers.c
#    Command line  =  
#        -f C:\Users\jchesebr\AppData\Local\Temp\EWF01.tmp
#        ("\\ncsu1.uncanet.unca.edu\home\jchesebr\Desktop\Homework 03\timers.c"
#        -lC "\\ncsu1.uncanet.unca.edu\home\jchesebr\Desktop\Homework
#        03\Debug\List" -o
#        "\\ncsu1.uncanet.unca.edu\home\jchesebr\Desktop\Homework 03\Debug\Obj"
#        --debug -D__MSP430FR5994__ -e --double=32 --dlib_config "C:\Program
#        Files (x86)\IAR Systems\Embedded Workbench
#        8.0\430\lib\dlib\dl430xlsfn.h" --core=430X --data_model=small -Oh
#        --multiplier=32 --hw_workaround=CPU40 --code_model=large)
#    Locale        =  English_USA.1252
#    List file     =  
#        \\ncsu1.uncanet.unca.edu\home\jchesebr\Desktop\Homework
#        03\Debug\List\timers.lst
#    Object file   =  
#        \\ncsu1.uncanet.unca.edu\home\jchesebr\Desktop\Homework
#        03\Debug\Obj\timers.r43
#
###############################################################################

\\ncsu1.uncanet.unca.edu\home\jchesebr\Desktop\Homework 03\timers.c
      1          //J Barrett Chesebrough
      2          //timers.c


 

 


Errors: none
Warnings: none
